<?xml version="1.0" encoding="UTF-8"?>
<testsuite xmlns:xsi="http://www.w3.org/2001/XMLSchema-instance" xsi:noNamespaceSchemaLocation="https://maven.apache.org/surefire/maven-surefire-plugin/xsd/surefire-test-report.xsd" name="org.sonar.samples.php.checks.OtherForbiddenFunctionUseCheckTest" time="0.002" tests="1" errors="0" skipped="0" failures="0">
  <properties>
    <property name="sun.desktop" value="windows"/>
    <property name="awt.toolkit" value="sun.awt.windows.WToolkit"/>
    <property name="file.encoding.pkg" value="sun.io"/>
    <property name="java.specification.version" value="1.8"/>
    <property name="sun.cpu.isalist" value="amd64"/>
    <property name="sun.jnu.encoding" value="Cp1250"/>
    <property name="java.class.path" value="C:\Users\lucka\IdeaProjects\sonar-custom-rules-examples\php-custom-rules\target\test-classes;C:\Users\lucka\IdeaProjects\sonar-custom-rules-examples\php-custom-rules\target\classes;C:\Users\lucka\.m2\repository\org\sonarsource\sonarqube\sonar-plugin-api\6.7\sonar-plugin-api-6.7.jar;C:\Users\lucka\.m2\repository\org\codehaus\woodstox\woodstox-core-lgpl\4.4.0\woodstox-core-lgpl-4.4.0.jar;C:\Users\lucka\.m2\repository\javax\xml\stream\stax-api\1.0-2\stax-api-1.0-2.jar;C:\Users\lucka\.m2\repository\org\codehaus\woodstox\stax2-api\3.1.4\stax2-api-3.1.4.jar;C:\Users\lucka\.m2\repository\org\codehaus\staxmate\staxmate\2.0.1\staxmate-2.0.1.jar;C:\Users\lucka\.m2\repository\org\sonarsource\php\sonar-php-plugin\2.13.0.3107\sonar-php-plugin-2.13.0.3107.jar;C:\Users\lucka\.m2\repository\org\sonarsource\php\php-frontend\2.13.0.3107\php-frontend-2.13.0.3107.jar;C:\Users\lucka\.m2\repository\org\sonarsource\sslr\sslr-core\1.22\sslr-core-1.22.jar;C:\Users\lucka\.m2\repository\cglib\cglib-nodep\3.2.5\cglib-nodep-3.2.5.jar;C:\Users\lucka\.m2\repository\com\google\guava\guava\18.0\guava-18.0.jar;C:\Users\lucka\.m2\repository\org\sonarsource\sslr-squid-bridge\sslr-squid-bridge\2.7.0.377\sslr-squid-bridge-2.7.0.377.jar;C:\Users\lucka\.m2\repository\org\sonarsource\analyzer-commons\sonar-analyzer-test-commons\1.5.0.178\sonar-analyzer-test-commons-1.5.0.178.jar;C:\Users\lucka\.m2\repository\commons-lang\commons-lang\2.6\commons-lang-2.6.jar;C:\Users\lucka\.m2\repository\org\sonarsource\php\php-checks\2.13.0.3107\php-checks-2.13.0.3107.jar;C:\Users\lucka\.m2\repository\commons-io\commons-io\2.5\commons-io-2.5.jar;C:\Users\lucka\.m2\repository\org\sonarsource\analyzer-commons\sonar-analyzer-commons\1.5.0.178\sonar-analyzer-commons-1.5.0.178.jar;C:\Users\lucka\.m2\repository\com\google\code\findbugs\jsr305\3.0.2\jsr305-3.0.2.jar;C:\Users\lucka\.m2\repository\junit\junit\4.10\junit-4.10.jar;C:\Users\lucka\.m2\repository\org\hamcrest\hamcrest-core\1.1\hamcrest-core-1.1.jar;"/>
    <property name="java.vm.vendor" value="Oracle Corporation"/>
    <property name="sun.arch.data.model" value="64"/>
    <property name="user.variant" value=""/>
    <property name="java.vendor.url" value="http://java.oracle.com/"/>
    <property name="user.timezone" value=""/>
    <property name="java.vm.specification.version" value="1.8"/>
    <property name="os.name" value="Windows 10"/>
    <property name="user.country" value="SK"/>
    <property name="sun.java.launcher" value="SUN_STANDARD"/>
    <property name="sun.boot.library.path" value="C:\Program Files\Java\jdk1.8.0_121\jre\bin"/>
    <property name="sun.java.command" value="C:\Users\lucka\AppData\Local\Temp\surefire4154861207190282890\surefirebooter1749960180154802510.jar C:\Users\lucka\AppData\Local\Temp\surefire4154861207190282890 2018-04-26T22-46-28_213-jvmRun1 surefire8459140791983331447tmp surefire_0143659300316261730tmp"/>
    <property name="surefire.test.class.path" value="C:\Users\lucka\IdeaProjects\sonar-custom-rules-examples\php-custom-rules\target\test-classes;C:\Users\lucka\IdeaProjects\sonar-custom-rules-examples\php-custom-rules\target\classes;C:\Users\lucka\.m2\repository\org\sonarsource\sonarqube\sonar-plugin-api\6.7\sonar-plugin-api-6.7.jar;C:\Users\lucka\.m2\repository\org\codehaus\woodstox\woodstox-core-lgpl\4.4.0\woodstox-core-lgpl-4.4.0.jar;C:\Users\lucka\.m2\repository\javax\xml\stream\stax-api\1.0-2\stax-api-1.0-2.jar;C:\Users\lucka\.m2\repository\org\codehaus\woodstox\stax2-api\3.1.4\stax2-api-3.1.4.jar;C:\Users\lucka\.m2\repository\org\codehaus\staxmate\staxmate\2.0.1\staxmate-2.0.1.jar;C:\Users\lucka\.m2\repository\org\sonarsource\php\sonar-php-plugin\2.13.0.3107\sonar-php-plugin-2.13.0.3107.jar;C:\Users\lucka\.m2\repository\org\sonarsource\php\php-frontend\2.13.0.3107\php-frontend-2.13.0.3107.jar;C:\Users\lucka\.m2\repository\org\sonarsource\sslr\sslr-core\1.22\sslr-core-1.22.jar;C:\Users\lucka\.m2\repository\cglib\cglib-nodep\3.2.5\cglib-nodep-3.2.5.jar;C:\Users\lucka\.m2\repository\com\google\guava\guava\18.0\guava-18.0.jar;C:\Users\lucka\.m2\repository\org\sonarsource\sslr-squid-bridge\sslr-squid-bridge\2.7.0.377\sslr-squid-bridge-2.7.0.377.jar;C:\Users\lucka\.m2\repository\org\sonarsource\analyzer-commons\sonar-analyzer-test-commons\1.5.0.178\sonar-analyzer-test-commons-1.5.0.178.jar;C:\Users\lucka\.m2\repository\commons-lang\commons-lang\2.6\commons-lang-2.6.jar;C:\Users\lucka\.m2\repository\org\sonarsource\php\php-checks\2.13.0.3107\php-checks-2.13.0.3107.jar;C:\Users\lucka\.m2\repository\commons-io\commons-io\2.5\commons-io-2.5.jar;C:\Users\lucka\.m2\repository\org\sonarsource\analyzer-commons\sonar-analyzer-commons\1.5.0.178\sonar-analyzer-commons-1.5.0.178.jar;C:\Users\lucka\.m2\repository\com\google\code\findbugs\jsr305\3.0.2\jsr305-3.0.2.jar;C:\Users\lucka\.m2\repository\junit\junit\4.10\junit-4.10.jar;C:\Users\lucka\.m2\repository\org\hamcrest\hamcrest-core\1.1\hamcrest-core-1.1.jar;"/>
    <property name="sun.cpu.endian" value="little"/>
    <property name="user.home" value="C:\Users\lucka"/>
    <property name="user.language" value="sk"/>
    <property name="java.specification.vendor" value="Oracle Corporation"/>
    <property name="java.home" value="C:\Program Files\Java\jdk1.8.0_121\jre"/>
    <property name="basedir" value="C:\Users\lucka\IdeaProjects\sonar-custom-rules-examples\php-custom-rules"/>
    <property name="file.separator" value="\"/>
    <property name="line.separator" value="&#10;"/>
    <property name="java.vm.specification.vendor" value="Oracle Corporation"/>
    <property name="java.specification.name" value="Java Platform API Specification"/>
    <property name="java.awt.graphicsenv" value="sun.awt.Win32GraphicsEnvironment"/>
    <property name="surefire.real.class.path" value="C:\Users\lucka\AppData\Local\Temp\surefire4154861207190282890\surefirebooter1749960180154802510.jar"/>
    <property name="sun.boot.class.path" value="C:\Program Files\Java\jdk1.8.0_121\jre\lib\resources.jar;C:\Program Files\Java\jdk1.8.0_121\jre\lib\rt.jar;C:\Program Files\Java\jdk1.8.0_121\jre\lib\sunrsasign.jar;C:\Program Files\Java\jdk1.8.0_121\jre\lib\jsse.jar;C:\Program Files\Java\jdk1.8.0_121\jre\lib\jce.jar;C:\Program Files\Java\jdk1.8.0_121\jre\lib\charsets.jar;C:\Program Files\Java\jdk1.8.0_121\jre\lib\jfr.jar;C:\Program Files\Java\jdk1.8.0_121\jre\classes"/>
    <property name="user.script" value=""/>
    <property name="sun.management.compiler" value="HotSpot 64-Bit Tiered Compilers"/>
    <property name="java.runtime.version" value="1.8.0_121-b13"/>
    <property name="user.name" value="lucka"/>
    <property name="path.separator" value=";"/>
    <property name="os.version" value="10.0"/>
    <property name="java.endorsed.dirs" value="C:\Program Files\Java\jdk1.8.0_121\jre\lib\endorsed"/>
    <property name="java.runtime.name" value="Java(TM) SE Runtime Environment"/>
    <property name="file.encoding" value="Cp1250"/>
    <property name="java.vm.name" value="Java HotSpot(TM) 64-Bit Server VM"/>
    <property name="localRepository" value="C:\Users\lucka\.m2\repository"/>
    <property name="java.vendor.url.bug" value="http://bugreport.sun.com/bugreport/"/>
    <property name="java.io.tmpdir" value="C:\Users\lucka\AppData\Local\Temp\"/>
    <property name="java.version" value="1.8.0_121"/>
    <property name="user.dir" value="C:\Users\lucka\IdeaProjects\sonar-custom-rules-examples\php-custom-rules"/>
    <property name="os.arch" value="amd64"/>
    <property name="java.vm.specification.name" value="Java Virtual Machine Specification"/>
    <property name="java.awt.printerjob" value="sun.awt.windows.WPrinterJob"/>
    <property name="sun.os.patch.level" value=""/>
    <property name="java.library.path" value="C:\Program Files\Java\jdk1.8.0_121\jre\bin;C:\WINDOWS\Sun\Java\bin;C:\WINDOWS\system32;C:\WINDOWS;C:\ProgramData\Oracle\Java\javapath;C:\Program Files (x86)\Intel\iCLS Client\;C:\Program Files\Intel\iCLS Client\;C:\WINDOWS\system32;C:\WINDOWS;C:\WINDOWS\System32\Wbem;C:\WINDOWS\System32\WindowsPowerShell\v1.0\;C:\Program Files (x86)\Intel\Intel(R) Management Engine Components\DAL;C:\Program Files\Intel\Intel(R) Management Engine Components\DAL;C:\Program Files (x86)\Intel\Intel(R) Management Engine Components\IPT;C:\Program Files\Intel\Intel(R) Management Engine Components\IPT;C:\Program Files\Microsoft SQL Server\Client SDK\ODBC\130\Tools\Binn\;C:\Program Files (x86)\Microsoft SQL Server\130\Tools\Binn\;C:\Program Files\Microsoft SQL Server\130\Tools\Binn\;C:\Program Files\Microsoft SQL Server\130\DTS\Binn\;C:\Program Files (x86)\Microsoft SQL Server\Client SDK\ODBC\130\Tools\Binn\;C:\Program Files (x86)\Microsoft SQL Server\130\DTS\Binn\;C:\Program Files (x86)\Microsoft SQL Server\130\Tools\Binn\ManagementStudio\;C:\Program Files (x86)\Skype\Phone\;C:\Program Files\OpenVPN\bin;C:\Program Files\Git\cmd;C:\Users\lucka\apache-maven-3.5.3-bin\apache-maven-3.5.3\bin;;."/>
    <property name="java.vm.info" value="mixed mode"/>
    <property name="java.vendor" value="Oracle Corporation"/>
    <property name="java.vm.version" value="25.121-b13"/>
    <property name="java.ext.dirs" value="C:\Program Files\Java\jdk1.8.0_121\jre\lib\ext;C:\WINDOWS\Sun\Java\lib\ext"/>
    <property name="sun.io.unicode.encoding" value="UnicodeLittle"/>
    <property name="java.class.version" value="52.0"/>
  </properties>
  <testcase name="test" classname="org.sonar.samples.php.checks.OtherForbiddenFunctionUseCheckTest" time="0"/>
</testsuite>